2025-08-25 10:12:19,722 - __main__ - INFO - Credentials loaded successfully
2025-08-25 10:12:19,756 - __main__ - INFO - Database initialized
2025-08-25 10:12:19,756 - __main__ - INFO - BlueFlagBot initialized
2025-08-25 10:12:19,756 - __main__ - INFO - Starting continuous mode with 900 seconds between runs
2025-08-25 10:12:19,756 - __main__ - INFO - Starting BlueFlagBot posting cycle
2025-08-25 10:12:19,756 - __main__ - INFO - Fetching candidate videos from subscriptions...
2025-08-25 10:12:19,763 - __main__ - INFO - Refreshing YouTube credentials...
2025-08-25 10:12:19,768 - urllib3.connectionpool - DEBUG - Starting new HTTPS connection (1): oauth2.googleapis.com:443
2025-08-25 10:12:19,919 - urllib3.connectionpool - DEBUG - https://oauth2.googleapis.com:443 "POST /token HTTP/1.1" 200 None
2025-08-25 10:12:19,949 - googleapiclient.discovery_cache - INFO - file_cache is only supported with oauth2client<4.0.0
2025-08-25 10:12:19,989 - __main__ - INFO - YouTube API authenticated successfully
2025-08-25 10:12:19,991 - googleapiclient.discovery - DEBUG - URL being requested: GET https://youtube.googleapis.com/youtube/v3/subscriptions?part=snippet&mine=true&maxResults=50&alt=json
2025-08-25 10:12:20,150 - __main__ - INFO - Found 41 subscribed channels
2025-08-25 10:12:20,156 - __main__ - INFO - YouTube quota check passed: 123/10000
2025-08-25 10:12:20,164 - googleapiclient.discovery_cache - INFO - file_cache is only supported with oauth2client<4.0.0
2025-08-25 10:12:20,168 - __main__ - INFO - YouTube API authenticated successfully
2025-08-25 10:12:20,170 - googleapiclient.discovery - DEBUG - URL being requested: GET https://youtube.googleapis.com/youtube/v3/subscriptions?part=snippet&mine=true&maxResults=50&alt=json
2025-08-25 10:12:20,289 - __main__ - INFO - Found 41 subscribed channels
2025-08-25 10:12:20,290 - __main__ - INFO - Processing channel: DTM
2025-08-25 10:12:20,291 - googleapiclient.discovery - DEBUG - URL being requested: GET https://youtube.googleapis.com/youtube/v3/channels?part=contentDetails&id=UCwKq447rYMVI5dAQWMmFnfg&alt=json
2025-08-25 10:12:20,345 - googleapiclient.discovery - DEBUG - URL being requested: GET https://youtube.googleapis.com/youtube/v3/playlistItems?part=snippet&playlistId=UUwKq447rYMVI5dAQWMmFnfg&maxResults=10&alt=json
2025-08-25 10:12:21,428 - __main__ - DEBUG - Skipping cached old video: JcJepW_uKVk
2025-08-25 10:12:21,433 - __main__ - DEBUG - Skipping cached old video: tjdC4EXL520
2025-08-25 10:12:21,438 - __main__ - DEBUG - Skipping cached old video: IBintDTeCXU
2025-08-25 10:12:21,444 - __main__ - DEBUG - Skipping cached old video: DH3PWM8NzTM
2025-08-25 10:12:21,448 - __main__ - DEBUG - Skipping cached old video: -v-CUJUshg0
2025-08-25 10:12:21,452 - __main__ - DEBUG - Skipping cached old video: -Io_BpH88b8
2025-08-25 10:12:21,456 - __main__ - DEBUG - Skipping cached old video: 34t3MkF2tJY
2025-08-25 10:12:21,462 - __main__ - DEBUG - Skipping cached old video: I27OrdnHJ4o
2025-08-25 10:12:21,466 - __main__ - DEBUG - Skipping cached old video: aYlt6wSy8GU
2025-08-25 10:12:21,471 - __main__ - DEBUG - Skipping cached old video: nWDYL_cnhFs
2025-08-25 10:12:21,471 - __main__ - INFO - Processing channel: FIA-F4 JAPANESE
2025-08-25 10:12:21,472 - googleapiclient.discovery - DEBUG - URL being requested: GET https://youtube.googleapis.com/youtube/v3/channels?part=contentDetails&id=UCZznbK8Z2fGN50i8U_Kdbyg&alt=json
2025-08-25 10:12:21,599 - googleapiclient.discovery - DEBUG - URL being requested: GET https://youtube.googleapis.com/youtube/v3/playlistItems?part=snippet&playlistId=UUZznbK8Z2fGN50i8U_Kdbyg&maxResults=10&alt=json
2025-08-25 10:12:21,680 - __main__ - DEBUG - Skipping cached old video: XJs47bxkAQ0
2025-08-25 10:12:21,687 - __main__ - DEBUG - Skipping cached old video: K4oSDKfJf-c
2025-08-25 10:12:21,692 - __main__ - DEBUG - Skipping cached old video: 9HqoF-1HzT4
2025-08-25 10:12:21,696 - __main__ - DEBUG - Skipping cached old video: Z0V7EMl_BzA
2025-08-25 10:12:21,700 - __main__ - DEBUG - Skipping cached old video: MCvd6iUilQI
2025-08-25 10:12:21,712 - __main__ - DEBUG - Skipping cached old video: kQdT81vVIEI
2025-08-25 10:12:21,716 - __main__ - DEBUG - Skipping cached old video: O7wC1US_azk
2025-08-25 10:12:21,720 - __main__ - DEBUG - Skipping cached old video: 5vIu1Ce6AE8
2025-08-25 10:12:21,727 - __main__ - DEBUG - Skipping cached old video: XM_2Zu7ZlOQ
2025-08-25 10:12:21,731 - __main__ - DEBUG - Skipping cached old video: FWZ8neLxV34
2025-08-25 10:12:21,732 - __main__ - INFO - Processing channel: IMSA Official
2025-08-25 10:12:21,732 - googleapiclient.discovery - DEBUG - URL being requested: GET https://youtube.googleapis.com/youtube/v3/channels?part=contentDetails&id=UC58em84jwiyM20qR-iqBDZw&alt=json
2025-08-25 10:12:21,776 - googleapiclient.discovery - DEBUG - URL being requested: GET https://youtube.googleapis.com/youtube/v3/playlistItems?part=snippet&playlistId=UU58em84jwiyM20qR-iqBDZw&maxResults=10&alt=json
2025-08-25 10:12:21,843 - __main__ - DEBUG - Skipping cached old video: 68_PrPCleiw
2025-08-25 10:12:21,847 - __main__ - DEBUG - Skipping cached old video: PZaaqqWACpc
2025-08-25 10:12:21,852 - __main__ - DEBUG - Skipping cached old video: GP67If_tyW8
2025-08-25 10:12:21,856 - __main__ - DEBUG - Skipping cached old video: K_VhjuzjaIU
2025-08-25 10:12:21,863 - __main__ - DEBUG - Skipping cached old video: nPOxl0wnCj8
2025-08-25 10:12:21,867 - __main__ - DEBUG - Skipping cached old video: yakr9YMtqbg
2025-08-25 10:12:21,872 - __main__ - DEBUG - Skipping cached old video: 6vHA8Tc6iWE
2025-08-25 10:12:21,876 - __main__ - DEBUG - Skipping cached old video: gw8iyCqEmQQ
2025-08-25 10:12:21,886 - __main__ - DEBUG - Skipping cached old video: dfSdpZTz_4A
2025-08-25 10:12:21,890 - __main__ - DEBUG - Skipping cached old video: ff4fpfAy6Fc
2025-08-25 10:12:21,891 - __main__ - INFO - Processing channel: Super Taikyu TV/Stai TV
2025-08-25 10:12:21,891 - googleapiclient.discovery - DEBUG - URL being requested: GET https://youtube.googleapis.com/youtube/v3/channels?part=contentDetails&id=UC8sfQKfk_4_JePSHSupvT4w&alt=json
2025-08-25 10:12:21,932 - googleapiclient.discovery - DEBUG - URL being requested: GET https://youtube.googleapis.com/youtube/v3/playlistItems?part=snippet&playlistId=UU8sfQKfk_4_JePSHSupvT4w&maxResults=10&alt=json
2025-08-25 10:12:22,056 - __main__ - DEBUG - Skipping cached old video: CDtOi3Gm3uM
2025-08-25 10:12:22,060 - __main__ - DEBUG - Skipping cached old video: zwWcYma4fzg
2025-08-25 10:12:22,066 - __main__ - DEBUG - Skipping cached old video: AmPsQk9Izpc
2025-08-25 10:12:22,071 - __main__ - DEBUG - Skipping cached old video: kIELPFF3fUY
2025-08-25 10:12:22,075 - __main__ - DEBUG - Skipping cached old video: eoh8e9mE0_Q
2025-08-25 10:12:22,079 - __main__ - DEBUG - Skipping cached old video: vL6OkAZssNM
2025-08-25 10:12:22,085 - __main__ - DEBUG - Skipping cached old video: 79yykafNpHE
2025-08-25 10:12:22,090 - __main__ - DEBUG - Skipping cached old video: wwzVYtown-w
2025-08-25 10:12:22,095 - __main__ - DEBUG - Skipping cached old video: 5a2PeM82C_w
2025-08-25 10:12:22,099 - __main__ - DEBUG - Skipping cached old video: cMO3ckXWIIY
2025-08-25 10:12:22,099 - __main__ - INFO - Processing channel: DirtFish
2025-08-25 10:12:22,100 - googleapiclient.discovery - DEBUG - URL being requested: GET https://youtube.googleapis.com/youtube/v3/channels?part=contentDetails&id=UCKwIWByGLhE8tuUIjddZt5Q&alt=json
2025-08-25 10:12:22,132 - googleapiclient.discovery - DEBUG - URL being requested: GET https://youtube.googleapis.com/youtube/v3/playlistItems?part=snippet&playlistId=UUKwIWByGLhE8tuUIjddZt5Q&maxResults=10&alt=json
2025-08-25 10:12:22,428 - __main__ - DEBUG - Skipping cached old video: o3P_6RB2Ch0
2025-08-25 10:12:22,432 - __main__ - DEBUG - Skipping cached old video: dEiMm8tWxYE
2025-08-25 10:12:22,437 - __main__ - DEBUG - Skipping cached old video: ewzPbIeLLd0
2025-08-25 10:12:22,443 - __main__ - DEBUG - Skipping cached old video: kvxGkhcrYrM
2025-08-25 10:12:22,447 - __main__ - DEBUG - Skipping cached old video: hXzqsr753AU
2025-08-25 10:12:22,451 - __main__ - DEBUG - Skipping cached old video: 2OIm0fmdnWk
2025-08-25 10:12:22,456 - __main__ - DEBUG - Skipping cached old video: ejmB4g4uTlU
2025-08-25 10:12:22,462 - __main__ - DEBUG - Skipping cached old video: HYpzaVSbQNg
2025-08-25 10:12:22,467 - __main__ - DEBUG - Skipping cached old video: h-ngd6tPzNo
2025-08-25 10:12:22,471 - __main__ - DEBUG - Skipping cached old video: EyJDYrFC0QU
2025-08-25 10:12:22,471 - __main__ - INFO - Processing channel: GTWorld
2025-08-25 10:12:22,472 - googleapiclient.discovery - DEBUG - URL being requested: GET https://youtube.googleapis.com/youtube/v3/channels?part=contentDetails&id=UC-yHapH6mW1ceZ_5PDUf1_g&alt=json
2025-08-25 10:12:22,513 - googleapiclient.discovery - DEBUG - URL being requested: GET https://youtube.googleapis.com/youtube/v3/playlistItems?part=snippet&playlistId=UU-yHapH6mW1ceZ_5PDUf1_g&maxResults=10&alt=json
2025-08-25 10:12:22,666 - __main__ - DEBUG - Skipping cached old video: 9jy5IROG1uM
2025-08-25 10:12:22,670 - __main__ - DEBUG - Skipping cached old video: 9-9B9Du8xaA
2025-08-25 10:12:22,674 - __main__ - DEBUG - Skipping cached old video: 1S5sVFrZrkc
2025-08-25 10:12:22,678 - __main__ - DEBUG - Skipping cached old video: RJxPiOxUCNU
2025-08-25 10:12:22,684 - __main__ - DEBUG - Skipping cached old video: MFvKvFUp15k
2025-08-25 10:12:22,690 - __main__ - DEBUG - Skipping cached old video: 6pCCRyrNlx4
2025-08-25 10:12:22,695 - __main__ - DEBUG - Skipping cached old video: QfM04FGy1L8
2025-08-25 10:12:22,713 - __main__ - DEBUG - Skipping cached old video: qDArGz77_2g
2025-08-25 10:12:22,718 - __main__ - DEBUG - Skipping cached old video: jpXY33j7_Dk
2025-08-25 10:12:22,725 - __main__ - DEBUG - Skipping cached old video: orh-jXSCNWs
2025-08-25 10:12:22,725 - __main__ - INFO - Processing channel: FIA World Rallycross Championship
2025-08-25 10:12:22,726 - googleapiclient.discovery - DEBUG - URL being requested: GET https://youtube.googleapis.com/youtube/v3/channels?part=contentDetails&id=UCFD78OTzB27H5HD4cjMp2JQ&alt=json
2025-08-25 10:12:22,769 - googleapiclient.discovery - DEBUG - URL being requested: GET https://youtube.googleapis.com/youtube/v3/playlistItems?part=snippet&playlistId=UUFD78OTzB27H5HD4cjMp2JQ&maxResults=10&alt=json
2025-08-25 10:12:22,914 - __main__ - DEBUG - Skipping cached old video: V5ZLS2EuM2k
2025-08-25 10:12:22,919 - __main__ - DEBUG - Skipping cached old video: AFExkeVmH94
2025-08-25 10:12:22,928 - __main__ - DEBUG - Skipping cached old video: So2qmUV1C7M
2025-08-25 10:12:22,933 - __main__ - DEBUG - Skipping cached old video: XsU8uePldcQ
2025-08-25 10:12:22,938 - __main__ - DEBUG - Skipping cached old video: kyR4BjdkShc
2025-08-25 10:12:22,946 - __main__ - DEBUG - Skipping cached old video: _iPWyL93JaE
2025-08-25 10:12:22,951 - __main__ - DEBUG - Skipping cached old video: sZ7UNCwCHzk
2025-08-25 10:12:22,955 - __main__ - DEBUG - Skipping cached old video: MIz80pV1dZw
2025-08-25 10:12:22,960 - __main__ - DEBUG - Skipping cached old video: cjMPwbY_Lnk
2025-08-25 10:12:22,967 - __main__ - DEBUG - Skipping cached old video: kzZn32QfV1w
2025-08-25 10:12:22,967 - __main__ - INFO - Processing channel: European Le Mans Series
2025-08-25 10:12:22,968 - googleapiclient.discovery - DEBUG - URL being requested: GET https://youtube.googleapis.com/youtube/v3/channels?part=contentDetails&id=UCU8C8RqGhqH4nhk4mlN1Vwg&alt=json
2025-08-25 10:12:23,010 - googleapiclient.discovery - DEBUG - URL being requested: GET https://youtube.googleapis.com/youtube/v3/playlistItems?part=snippet&playlistId=UUU8C8RqGhqH4nhk4mlN1Vwg&maxResults=10&alt=json
2025-08-25 10:12:23,312 - __main__ - DEBUG - Skipping cached old video: sTxMi6QITZg
2025-08-25 10:12:23,317 - __main__ - DEBUG - Skipping cached old video: 3yYzRDV7vow
2025-08-25 10:12:23,327 - __main__ - DEBUG - Skipping cached old video: zdlhSd7Z52o
2025-08-25 10:12:23,333 - __main__ - DEBUG - Skipping cached old video: GYc1fhDSNaU
2025-08-25 10:12:23,340 - __main__ - DEBUG - Skipping cached old video: iVJp3Yfb62c
2025-08-25 10:12:23,347 - __main__ - DEBUG - Skipping cached old video: Ee2ugfJF6Bc
2025-08-25 10:12:23,352 - __main__ - DEBUG - Skipping cached old video: YDIG-b1YfCk
2025-08-25 10:12:23,356 - __main__ - DEBUG - Skipping cached old video: FGLU_CUGBYg
2025-08-25 10:12:23,363 - __main__ - DEBUG - Skipping cached old video: mrh61XNA-3M
2025-08-25 10:12:23,367 - __main__ - DEBUG - Skipping cached old video: vblXNGTJCCQ
2025-08-25 10:12:23,367 - __main__ - INFO - Processing channel: SUPER FORMULA Official
2025-08-25 10:12:23,368 - googleapiclient.discovery - DEBUG - URL being requested: GET https://youtube.googleapis.com/youtube/v3/channels?part=contentDetails&id=UCBRZGokm2-SNYfvFWy3hfYg&alt=json
2025-08-25 10:12:23,428 - googleapiclient.discovery - DEBUG - URL being requested: GET https://youtube.googleapis.com/youtube/v3/playlistItems?part=snippet&playlistId=UUBRZGokm2-SNYfvFWy3hfYg&maxResults=10&alt=json
2025-08-25 10:12:23,753 - __main__ - DEBUG - Skipping cached old video: Gc818oHClIc
2025-08-25 10:12:23,758 - __main__ - DEBUG - Skipping cached old video: sUBu05t5axs
2025-08-25 10:12:23,764 - __main__ - DEBUG - Skipping cached old video: CUELOrgtRBs
2025-08-25 10:12:23,768 - __main__ - DEBUG - Skipping cached old video: Bunh6xbHbRk
2025-08-25 10:12:23,772 - __main__ - DEBUG - Skipping cached old video: xkvI_beghFY
2025-08-25 10:12:23,777 - __main__ - DEBUG - Skipping cached old video: BgZd3SAeBtM
2025-08-25 10:12:23,784 - __main__ - DEBUG - Skipping cached old video: qPyviEdhATI
2025-08-25 10:12:23,789 - __main__ - DEBUG - Skipping cached old video: uet9X7SxZ0g
2025-08-25 10:12:23,794 - __main__ - DEBUG - Skipping cached old video: stJmclYLW2k
2025-08-25 10:12:23,798 - googleapiclient.discovery - DEBUG - URL being requested: GET https://youtube.googleapis.com/youtube/v3/videos?part=snippet%2Cstatistics%2CcontentDetails%2CliveStreamingDetails&id=fDwlj2AixFE&alt=json
2025-08-25 10:12:23,854 - __main__ - INFO - Added candidate: [SF] 喜びも悔しさも爆発!選手とチームのゴール後の会話を調べてみた結果...｜SUPER FORMULA Rd.8 SUGO
2025-08-25 10:12:23,854 - __main__ - INFO - Processing channel: BTCC
2025-08-25 10:12:23,855 - googleapiclient.discovery - DEBUG - URL being requested: GET https://youtube.googleapis.com/youtube/v3/channels?part=contentDetails&id=UCPfVLE1ksDAP9A0Pmo7haHg&alt=json
2025-08-25 10:12:23,886 - googleapiclient.discovery - DEBUG - URL being requested: GET https://youtube.googleapis.com/youtube/v3/playlistItems?part=snippet&playlistId=UUPfVLE1ksDAP9A0Pmo7haHg&maxResults=10&alt=json
2025-08-25 10:12:24,226 - __main__ - DEBUG - Skipping cached old video: PPx8FLKp1pw
2025-08-25 10:12:24,230 - __main__ - DEBUG - Skipping cached old video: iuP4d9PE42A
2025-08-25 10:12:24,235 - __main__ - DEBUG - Skipping cached old video: DESrndiRKfo
2025-08-25 10:12:24,239 - __main__ - DEBUG - Skipping cached old video: lzdWOer3zAw
2025-08-25 10:12:24,246 - __main__ - DEBUG - Skipping cached old video: Pbm4x3qgSYg
2025-08-25 10:12:24,252 - __main__ - DEBUG - Skipping cached old video: HWV28cF-Dks
2025-08-25 10:12:24,258 - __main__ - DEBUG - Skipping cached old video: E6foSDrhyn8
2025-08-25 10:12:24,267 - __main__ - DEBUG - Skipping cached old video: ESZKSmhc4Ow
2025-08-25 10:12:24,272 - __main__ - DEBUG - Skipping cached old video: 0dxFh12XJ0Q
2025-08-25 10:12:24,277 - __main__ - DEBUG - Skipping cached old video: jPtlvr6v1Aw
2025-08-25 10:12:24,277 - __main__ - INFO - Processing channel: SUPER GT Official Channel
2025-08-25 10:12:24,279 - googleapiclient.discovery - DEBUG - URL being requested: GET https://youtube.googleapis.com/youtube/v3/channels?part=contentDetails&id=UCy-v0TWgjklAlOq-chcI4GA&alt=json
2025-08-25 10:12:24,309 - googleapiclient.discovery - DEBUG - URL being requested: GET https://youtube.googleapis.com/youtube/v3/playlistItems?part=snippet&playlistId=UUy-v0TWgjklAlOq-chcI4GA&maxResults=10&alt=json
2025-08-25 10:12:24,895 - __main__ - DEBUG - Skipping cached old video: WqHkYrGe8Ms
2025-08-25 10:12:24,899 - __main__ - DEBUG - Skipping cached old video: KW9F-njUXBk
2025-08-25 10:12:24,914 - __main__ - DEBUG - Skipping cached old video: qK-ekZ0GmD8
2025-08-25 10:12:24,918 - __main__ - DEBUG - Skipping cached old video: WI6sagwK4Po
2025-08-25 10:12:24,924 - __main__ - DEBUG - Skipping cached old video: NbgdDP2PL64
2025-08-25 10:12:24,928 - __main__ - DEBUG - Skipping cached old video: x0BuSfVVEvU
2025-08-25 10:12:24,933 - __main__ - DEBUG - Skipping cached old video: rbw8P2g7qz8
2025-08-25 10:12:24,937 - __main__ - DEBUG - Skipping cached old video: tU7I_7008Og
2025-08-25 10:12:24,943 - __main__ - DEBUG - Skipping cached old video: Ayg6atBt1RA
2025-08-25 10:12:24,946 - googleapiclient.discovery - DEBUG - URL being requested: GET https://youtube.googleapis.com/youtube/v3/videos?part=snippet%2Cstatistics%2CcontentDetails%2CliveStreamingDetails&id=K1Nm1Ydfx3g&alt=json
2025-08-25 10:12:24,979 - __main__ - DEBUG - Adding old video to cache: 【SUPER GT Rd.5 SUZUKA】All Driver's appearance
2025-08-25 10:12:25,011 - __main__ - INFO - Processing channel: TCR South America
2025-08-25 10:12:25,012 - googleapiclient.discovery - DEBUG - URL being requested: GET https://youtube.googleapis.com/youtube/v3/channels?part=contentDetails&id=UCo_cTHiN67iWW1eLpLtj8gg&alt=json
2025-08-25 10:12:25,046 - googleapiclient.discovery - DEBUG - URL being requested: GET https://youtube.googleapis.com/youtube/v3/playlistItems?part=snippet&playlistId=UUo_cTHiN67iWW1eLpLtj8gg&maxResults=10&alt=json
2025-08-25 10:12:25,224 - __main__ - DEBUG - Skipping cached old video: fD9z2WE0Zco
2025-08-25 10:12:25,229 - __main__ - DEBUG - Skipping cached old video: HdM6urh0iKM
2025-08-25 10:12:25,233 - __main__ - DEBUG - Skipping cached old video: UnVHawMYLb8
2025-08-25 10:12:25,238 - __main__ - DEBUG - Skipping cached old video: cqULco9HJKs
2025-08-25 10:12:25,244 - __main__ - DEBUG - Skipping cached old video: IZAtau6_480
2025-08-25 10:12:25,248 - __main__ - DEBUG - Skipping cached old video: d7xbU7XL3lo
2025-08-25 10:12:25,252 - __main__ - DEBUG - Skipping cached old video: WRky1LmyWG8
2025-08-25 10:12:25,256 - __main__ - DEBUG - Skipping cached old video: 6eShefOI4Dw
2025-08-25 10:12:25,260 - __main__ - DEBUG - Skipping cached old video: r3QFbu-Zso4
2025-08-25 10:12:25,266 - __main__ - DEBUG - Skipping cached old video: 0IMBES6npkQ
2025-08-25 10:12:25,266 - __main__ - INFO - Processing channel: NTT INDYCAR SERIES
2025-08-25 10:12:25,267 - googleapiclient.discovery - DEBUG - URL being requested: GET https://youtube.googleapis.com/youtube/v3/channels?part=contentDetails&id=UCy1F61QvUUQXAXi2Voa_fUw&alt=json
2025-08-25 10:12:25,305 - googleapiclient.discovery - DEBUG - URL being requested: GET https://youtube.googleapis.com/youtube/v3/playlistItems?part=snippet&playlistId=UUy1F61QvUUQXAXi2Voa_fUw&maxResults=10&alt=json
2025-08-25 10:12:26,556 - __main__ - DEBUG - Skipping cached old video: hAp8oJPMudI
2025-08-25 10:12:26,560 - __main__ - DEBUG - Skipping cached old video: K3dMQkZgj6U
2025-08-25 10:12:26,566 - __main__ - DEBUG - Skipping cached old video: z29cwNvV6B0
2025-08-25 10:12:26,571 - __main__ - DEBUG - Skipping cached old video: dkWTCiIiD9E
2025-08-25 10:12:26,574 - __main__ - DEBUG - Skipping cached old video: QADBN6SK3bM
2025-08-25 10:12:26,578 - __main__ - DEBUG - Skipping cached old video: vkzHhkMVj_c
2025-08-25 10:12:26,584 - __main__ - DEBUG - Skipping cached old video: _GzmebF2uXw
2025-08-25 10:12:26,588 - __main__ - DEBUG - Skipping cached old video: 0IQ1T6X4bvk
2025-08-25 10:12:26,591 - __main__ - DEBUG - Skipping cached old video: IpRbFgdCBvc
2025-08-25 10:12:26,595 - __main__ - DEBUG - Skipping cached old video: BtT4zrTtMio
2025-08-25 10:12:26,595 - __main__ - INFO - Processing channel: Formula E
2025-08-25 10:12:26,596 - googleapiclient.discovery - DEBUG - URL being requested: GET https://youtube.googleapis.com/youtube/v3/channels?part=contentDetails&id=UC-DuRqsBQOEk_5o1q4Ze-Fg&alt=json
2025-08-25 10:12:26,631 - googleapiclient.discovery - DEBUG - URL being requested: GET https://youtube.googleapis.com/youtube/v3/playlistItems?part=snippet&playlistId=UU-DuRqsBQOEk_5o1q4Ze-Fg&maxResults=10&alt=json
2025-08-25 10:12:27,340 - __main__ - DEBUG - Skipping cached old video: ylkBQvAt6Ws
2025-08-25 10:12:27,346 - __main__ - DEBUG - Skipping cached old video: XRWwJU1fSHE
2025-08-25 10:12:27,349 - __main__ - DEBUG - Skipping cached old video: swgTwOodjs0
2025-08-25 10:12:27,352 - __main__ - DEBUG - Skipping cached old video: YmJObx36tHk
2025-08-25 10:12:27,358 - __main__ - DEBUG - Skipping cached old video: w0eqFVvH8mc
2025-08-25 10:12:27,363 - __main__ - DEBUG - Skipping cached old video: HZll6kXkqlM
2025-08-25 10:12:27,367 - __main__ - DEBUG - Skipping cached old video: o3hIuANbvlc
2025-08-25 10:12:27,370 - __main__ - DEBUG - Skipping cached old video: qhnfoqDCYzQ
2025-08-25 10:12:27,373 - __main__ - DEBUG - Skipping cached old video: Yw7WukQM9bw
2025-08-25 10:12:27,376 - __main__ - DEBUG - Skipping cached old video: ALyqqhrOglE
2025-08-25 10:12:27,377 - __main__ - INFO - Processing channel: FORMULA 1
2025-08-25 10:12:27,378 - googleapiclient.discovery - DEBUG - URL being requested: GET https://youtube.googleapis.com/youtube/v3/channels?part=contentDetails&id=UCB_qr75-ydFVKSF9Dmo6izg&alt=json
2025-08-25 10:12:27,430 - googleapiclient.discovery - DEBUG - URL being requested: GET https://youtube.googleapis.com/youtube/v3/playlistItems?part=snippet&playlistId=UUB_qr75-ydFVKSF9Dmo6izg&maxResults=10&alt=json
2025-08-25 10:12:27,576 - __main__ - DEBUG - Skipping cached old video: paN0N49Vh4k
2025-08-25 10:12:27,579 - __main__ - DEBUG - Skipping cached old video: 9WPZNdClAPI
2025-08-25 10:12:27,586 - __main__ - DEBUG - Skipping cached old video: 5w2FAdIuy50
2025-08-25 10:12:27,590 - __main__ - DEBUG - Skipping cached old video: zY4_NdqnbeU
2025-08-25 10:12:27,594 - __main__ - DEBUG - Skipping cached old video: sNze7I49HCA
2025-08-25 10:12:27,598 - __main__ - DEBUG - Skipping cached old video: DXuRG7vdxVQ
2025-08-25 10:12:27,609 - __main__ - DEBUG - Skipping cached old video: y-Pe1FbPMBY
2025-08-25 10:12:27,613 - __main__ - DEBUG - Skipping cached old video: Hy2gNq3wd_g
2025-08-25 10:12:27,617 - __main__ - DEBUG - Skipping cached old video: Z4OpDCF8qME
2025-08-25 10:12:27,623 - __main__ - DEBUG - Skipping cached old video: s9IpXHFOhIM
2025-08-25 10:12:27,623 - __main__ - INFO - Processing channel: INDYCAR On FOX
2025-08-25 10:12:27,624 - googleapiclient.discovery - DEBUG - URL being requested: GET https://youtube.googleapis.com/youtube/v3/channels?part=contentDetails&id=UCrqcO8Vh-nM2fWFZnT1ss7A&alt=json
2025-08-25 10:12:27,669 - googleapiclient.discovery - DEBUG - URL being requested: GET https://youtube.googleapis.com/youtube/v3/playlistItems?part=snippet&playlistId=UUrqcO8Vh-nM2fWFZnT1ss7A&maxResults=10&alt=json
2025-08-25 10:12:27,829 - __main__ - DEBUG - Skipping cached old video: 22rsheErmrY
2025-08-25 10:12:27,833 - __main__ - DEBUG - Skipping cached old video: _NeFczxz33s
2025-08-25 10:12:27,836 - __main__ - DEBUG - Skipping cached old video: uv29bNCtyII
2025-08-25 10:12:27,842 - __main__ - DEBUG - Skipping cached old video: GYajd--6H44
2025-08-25 10:12:27,846 - __main__ - DEBUG - Skipping cached old video: hbacqvcKNLY
2025-08-25 10:12:27,850 - __main__ - DEBUG - Skipping cached old video: mPiUl94SkrY
2025-08-25 10:12:27,854 - __main__ - DEBUG - Skipping cached old video: NrAv6gaTTpY
2025-08-25 10:12:27,858 - __main__ - DEBUG - Skipping cached old video: 3bVYsrV_pH8
2025-08-25 10:12:27,863 - __main__ - DEBUG - Skipping cached old video: RJQTV3955j8
2025-08-25 10:12:27,867 - __main__ - DEBUG - Skipping cached old video: StN8PIj3f2o
2025-08-25 10:12:27,867 - __main__ - INFO - Processing channel: British F4
2025-08-25 10:12:27,868 - googleapiclient.discovery - DEBUG - URL being requested: GET https://youtube.googleapis.com/youtube/v3/channels?part=contentDetails&id=UCMyROh3W_whYFCqfeTUndEg&alt=json
2025-08-25 10:12:27,996 - googleapiclient.discovery - DEBUG - URL being requested: GET https://youtube.googleapis.com/youtube/v3/playlistItems?part=snippet&playlistId=UUMyROh3W_whYFCqfeTUndEg&maxResults=10&alt=json
2025-08-25 10:12:28,174 - __main__ - DEBUG - Skipping cached old video: x6RoSbFEyfQ
2025-08-25 10:12:28,178 - __main__ - DEBUG - Skipping cached old video: 3FGPRXDp554
2025-08-25 10:12:28,184 - __main__ - DEBUG - Skipping cached old video: bSYKxxarwgQ
2025-08-25 10:12:28,188 - __main__ - DEBUG - Skipping cached old video: wkcLu-evGEY
2025-08-25 10:12:28,193 - __main__ - DEBUG - Skipping cached old video: BR48UAl0ftw
2025-08-25 10:12:28,196 - __main__ - DEBUG - Skipping cached old video: oyRymHt7FMI
2025-08-25 10:12:28,200 - __main__ - DEBUG - Skipping cached old video: xS6aqKXo0ps
2025-08-25 10:12:28,212 - __main__ - DEBUG - Skipping cached old video: gtyNShyyugI
2025-08-25 10:12:28,216 - __main__ - DEBUG - Skipping cached old video: Q4U69wEGuHA
2025-08-25 10:12:28,220 - __main__ - DEBUG - Skipping cached old video: 8RYiY2m2lUg
2025-08-25 10:12:28,220 - __main__ - INFO - Processing channel: INDY NXT by Firestone
2025-08-25 10:12:28,221 - googleapiclient.discovery - DEBUG - URL being requested: GET https://youtube.googleapis.com/youtube/v3/channels?part=contentDetails&id=UCSihlA2prskLkYQkHpfrxmA&alt=json
2025-08-25 10:12:28,263 - googleapiclient.discovery - DEBUG - URL being requested: GET https://youtube.googleapis.com/youtube/v3/playlistItems?part=snippet&playlistId=UUSihlA2prskLkYQkHpfrxmA&maxResults=10&alt=json
2025-08-25 10:12:28,423 - __main__ - DEBUG - Skipping cached old video: JLQ0mhtd4Z8
2025-08-25 10:12:28,427 - __main__ - DEBUG - Skipping cached old video: DSLhy_KbpXc
2025-08-25 10:12:28,430 - __main__ - DEBUG - Skipping cached old video: fC7xWlooJaA
2025-08-25 10:12:28,434 - __main__ - DEBUG - Skipping cached old video: z7U_BTqvrhg
2025-08-25 10:12:28,438 - __main__ - DEBUG - Skipping cached old video: Ikb9uChcIak
2025-08-25 10:12:28,444 - __main__ - DEBUG - Skipping cached old video: hnQp191IdSk
2025-08-25 10:12:28,447 - __main__ - DEBUG - Skipping cached old video: VsMEhL2_9qg
2025-08-25 10:12:28,451 - __main__ - DEBUG - Skipping cached old video: 8hvGGoT4t08
2025-08-25 10:12:28,454 - __main__ - DEBUG - Skipping cached old video: PTFFwwDr-IM
2025-08-25 10:12:28,458 - __main__ - DEBUG - Skipping cached old video: L5LxBIb-F-A
2025-08-25 10:12:28,458 - __main__ - INFO - Processing channel: Official F4 CEZ Championship
2025-08-25 10:12:28,459 - googleapiclient.discovery - DEBUG - URL being requested: GET https://youtube.googleapis.com/youtube/v3/channels?part=contentDetails&id=UCh02ru7dbH3GVkfUrYleQaQ&alt=json
2025-08-25 10:12:28,509 - googleapiclient.discovery - DEBUG - URL being requested: GET https://youtube.googleapis.com/youtube/v3/playlistItems?part=snippet&playlistId=UUh02ru7dbH3GVkfUrYleQaQ&maxResults=10&alt=json
2025-08-25 10:12:28,648 - __main__ - DEBUG - Skipping cached old video: cOkzfqhKndA
2025-08-25 10:12:28,652 - __main__ - DEBUG - Skipping cached old video: yKPCjn14GlE
2025-08-25 10:12:28,656 - __main__ - DEBUG - Skipping cached old video: 2tGuoMda93o
2025-08-25 10:12:28,659 - __main__ - DEBUG - Skipping cached old video: 3j1G7HIe2sk
2025-08-25 10:12:28,665 - __main__ - DEBUG - Skipping cached old video: -Qu5GegfP6Q
2025-08-25 10:12:28,669 - __main__ - DEBUG - Skipping cached old video: 4zvi3fNZdcw
2025-08-25 10:12:28,673 - __main__ - DEBUG - Skipping cached old video: fcxIWTnA580
2025-08-25 10:12:28,677 - __main__ - DEBUG - Skipping cached old video: 9R2WL8xneEs
2025-08-25 10:12:28,683 - __main__ - DEBUG - Skipping cached old video: -vuxc9FLm8Q
2025-08-25 10:12:28,687 - __main__ - DEBUG - Skipping cached old video: Fkmg62WCtFE
2025-08-25 10:12:28,687 - __main__ - INFO - Processing channel: Nürburgring Langstrecken-Serie
2025-08-25 10:12:28,688 - googleapiclient.discovery - DEBUG - URL being requested: GET https://youtube.googleapis.com/youtube/v3/channels?part=contentDetails&id=UCQU0BQ0FK1X-t1MXw_6q9yQ&alt=json
2025-08-25 10:12:28,784 - googleapiclient.discovery - DEBUG - URL being requested: GET https://youtube.googleapis.com/youtube/v3/playlistItems?part=snippet&playlistId=UUQU0BQ0FK1X-t1MXw_6q9yQ&maxResults=10&alt=json
2025-08-25 10:12:28,849 - __main__ - DEBUG - Skipping cached old video: RjcNKwsj3HU
2025-08-25 10:12:28,853 - __main__ - DEBUG - Skipping cached old video: 6o7LV0XkcMY
2025-08-25 10:12:28,857 - __main__ - DEBUG - Skipping cached old video: 7oVZVN2HOao
2025-08-25 10:12:28,864 - __main__ - DEBUG - Skipping cached old video: yqoNNiPQUnQ
2025-08-25 10:12:28,868 - __main__ - DEBUG - Skipping cached old video: -HsZBSfORSY
2025-08-25 10:12:28,872 - __main__ - DEBUG - Skipping cached old video: -C-WeazYCw8
2025-08-25 10:12:28,876 - __main__ - DEBUG - Skipping cached old video: xUZLSwohqwA
2025-08-25 10:12:28,882 - __main__ - DEBUG - Skipping cached old video: NNOP0fiYzxQ
2025-08-25 10:12:28,886 - __main__ - DEBUG - Skipping cached old video: 7OdVRxSZ6Hw
2025-08-25 10:12:28,890 - __main__ - DEBUG - Skipping cached old video: XM8ZfUohwRQ
2025-08-25 10:12:28,890 - __main__ - INFO - Processing channel: F4 Indian Championship
2025-08-25 10:12:28,891 - googleapiclient.discovery - DEBUG - URL being requested: GET https://youtube.googleapis.com/youtube/v3/channels?part=contentDetails&id=UCFNjl8bf0MrEovPd437KOvA&alt=json
2025-08-25 10:12:28,993 - googleapiclient.discovery - DEBUG - URL being requested: GET https://youtube.googleapis.com/youtube/v3/playlistItems?part=snippet&playlistId=UUFNjl8bf0MrEovPd437KOvA&maxResults=10&alt=json
2025-08-25 10:12:29,086 - __main__ - DEBUG - Skipping cached old video: 07VY6JYG1Vs
2025-08-25 10:12:29,089 - __main__ - DEBUG - Skipping cached old video: H_vZZrN1tD0
2025-08-25 10:12:29,092 - __main__ - DEBUG - Skipping cached old video: hOkrDP2dAEs
2025-08-25 10:12:29,095 - __main__ - DEBUG - Skipping cached old video: _TifMQ3iUGA
2025-08-25 10:12:29,098 - __main__ - DEBUG - Skipping cached old video: up3ZFyc3VZI
2025-08-25 10:12:29,111 - __main__ - DEBUG - Skipping cached old video: ljV3KCUKZyA
2025-08-25 10:12:29,116 - __main__ - DEBUG - Skipping cached old video: yu_zDVSd76k
2025-08-25 10:12:29,120 - __main__ - DEBUG - Skipping cached old video: oF5kmp8-z_k
2025-08-25 10:12:29,126 - __main__ - DEBUG - Skipping cached old video: qFni6OO-VXc
2025-08-25 10:12:29,129 - __main__ - DEBUG - Skipping cached old video: rAuT4qH7d0E
2025-08-25 10:12:29,129 - __main__ - INFO - Processing channel: FIA World Endurance Championship
2025-08-25 10:12:29,129 - googleapiclient.discovery - DEBUG - URL being requested: GET https://youtube.googleapis.com/youtube/v3/channels?part=contentDetails&id=UCwU7U7PiarcJKLjDJTnANjw&alt=json
2025-08-25 10:12:29,160 - googleapiclient.discovery - DEBUG - URL being requested: GET https://youtube.googleapis.com/youtube/v3/playlistItems?part=snippet&playlistId=UUwU7U7PiarcJKLjDJTnANjw&maxResults=10&alt=json
2025-08-25 10:12:29,884 - __main__ - DEBUG - Skipping cached old video: 3W-uWZ9HI58
2025-08-25 10:12:29,888 - __main__ - DEBUG - Skipping cached old video: 8dZnWiAPptc
2025-08-25 10:12:29,892 - __main__ - DEBUG - Skipping cached old video: o2xU_1ZFPWM
2025-08-25 10:12:29,896 - __main__ - DEBUG - Skipping cached old video: cRT6fnHAk1c
2025-08-25 10:12:29,900 - __main__ - DEBUG - Skipping cached old video: FFd052MNj9k
2025-08-25 10:12:29,912 - __main__ - DEBUG - Skipping cached old video: CUw67t7MNdM
2025-08-25 10:12:29,916 - __main__ - DEBUG - Skipping cached old video: iwkoNtfH65c
2025-08-25 10:12:29,922 - __main__ - DEBUG - Skipping cached old video: hQcXYQb4784
2025-08-25 10:12:29,927 - __main__ - DEBUG - Skipping cached old video: X5NHthpFVmE
2025-08-25 10:12:29,931 - __main__ - DEBUG - Skipping cached old video: nig9M3wY2bY
2025-08-25 10:12:29,931 - __main__ - INFO - Processing channel: Creventic Motorsports TV
2025-08-25 10:12:29,932 - googleapiclient.discovery - DEBUG - URL being requested: GET https://youtube.googleapis.com/youtube/v3/channels?part=contentDetails&id=UCopWjPe1QbOFNf1dMs97E-w&alt=json
2025-08-25 10:12:29,970 - googleapiclient.discovery - DEBUG - URL being requested: GET https://youtube.googleapis.com/youtube/v3/playlistItems?part=snippet&playlistId=UUopWjPe1QbOFNf1dMs97E-w&maxResults=10&alt=json
2025-08-25 10:12:30,210 - __main__ - DEBUG - Skipping cached old video: SiJ11HiP3qE
2025-08-25 10:12:30,216 - __main__ - DEBUG - Skipping cached old video: z4EgPYDxR_U
2025-08-25 10:12:30,223 - __main__ - DEBUG - Skipping cached old video: jDHlRkBoZjM
2025-08-25 10:12:30,228 - __main__ - DEBUG - Skipping cached old video: 6hxVkQt-3bI
2025-08-25 10:12:30,234 - __main__ - DEBUG - Skipping cached old video: Vm1qOX38kgU
2025-08-25 10:12:30,243 - __main__ - DEBUG - Skipping cached old video: gyX7c4JWwIc
2025-08-25 10:12:30,249 - __main__ - DEBUG - Skipping cached old video: DXgvvc7AV0Q
2025-08-25 10:12:30,255 - __main__ - DEBUG - Skipping cached old video: x9UW48GtHqs
2025-08-25 10:12:30,260 - __main__ - DEBUG - Skipping cached old video: UiksDGpu5tQ
2025-08-25 10:12:30,266 - __main__ - DEBUG - Skipping cached old video: p5GuKEZQlIo
2025-08-25 10:12:30,267 - __main__ - INFO - Processing channel: Lamborghini Squadra Corse
2025-08-25 10:12:30,267 - googleapiclient.discovery - DEBUG - URL being requested: GET https://youtube.googleapis.com/youtube/v3/channels?part=contentDetails&id=UCO2SBo6hz0FewMjl6n5Md-Q&alt=json
2025-08-25 10:12:30,297 - googleapiclient.discovery - DEBUG - URL being requested: GET https://youtube.googleapis.com/youtube/v3/playlistItems?part=snippet&playlistId=UUO2SBo6hz0FewMjl6n5Md-Q&maxResults=10&alt=json
2025-08-25 10:12:30,398 - __main__ - DEBUG - Skipping cached old video: QUXUUvodq8g
2025-08-25 10:12:30,412 - __main__ - DEBUG - Skipping cached old video: 0_2yclCEkyo
2025-08-25 10:12:30,416 - __main__ - DEBUG - Skipping cached old video: 8fQSk0AHoqs
2025-08-25 10:12:30,419 - __main__ - DEBUG - Skipping cached old video: iGNhN1eCQDk
2025-08-25 10:12:30,424 - __main__ - DEBUG - Skipping cached old video: rSFT4Q9Xa4s
2025-08-25 10:12:30,428 - __main__ - DEBUG - Skipping cached old video: 0PwzK-7Xa7o
2025-08-25 10:12:30,432 - __main__ - DEBUG - Skipping cached old video: IQMNSH2cAsw
2025-08-25 10:12:30,435 - __main__ - DEBUG - Skipping cached old video: 2qFHZwWV0AA
2025-08-25 10:12:30,437 - googleapiclient.discovery - DEBUG - URL being requested: GET https://youtube.googleapis.com/youtube/v3/videos?part=snippet%2Cstatistics%2CcontentDetails%2CliveStreamingDetails&id=X7Btz9uorSs%2CHBxLc-V91PY&alt=json
2025-08-25 10:12:30,558 - __main__ - DEBUG - Skipping upcoming stream scheduled too far in the future: Lamborghini Super Trofeo Europe 2025 - Nürburgring, Race 2
2025-08-25 10:12:30,558 - __main__ - DEBUG -   Stream starts at: 2025-08-31 08:15:00, max future time: 2025-08-25 11:12:30.558193
2025-08-25 10:12:30,572 - __main__ - DEBUG - Skipping upcoming stream scheduled too far in the future: Lamborghini Super Trofeo Europe 2025 - Nürburgring, Race 1
2025-08-25 10:12:30,572 - __main__ - DEBUG -   Stream starts at: 2025-08-30 11:10:00, max future time: 2025-08-25 11:12:30.572400
2025-08-25 10:12:30,572 - __main__ - INFO - Processing channel: Porsche Motorsport North America
2025-08-25 10:12:30,573 - googleapiclient.discovery - DEBUG - URL being requested: GET https://youtube.googleapis.com/youtube/v3/channels?part=contentDetails&id=UCch613iK0dXuGLlvFSePzwA&alt=json
2025-08-25 10:12:30,605 - googleapiclient.discovery - DEBUG - URL being requested: GET https://youtube.googleapis.com/youtube/v3/playlistItems?part=snippet&playlistId=UUch613iK0dXuGLlvFSePzwA&maxResults=10&alt=json
2025-08-25 10:12:30,746 - __main__ - DEBUG - Skipping cached old video: vWbk6gPmk8s
2025-08-25 10:12:30,750 - __main__ - DEBUG - Skipping cached old video: U8Y1bBiUhMc
2025-08-25 10:12:30,753 - __main__ - DEBUG - Skipping cached old video: uT3IuZ_bUk0
2025-08-25 10:12:30,757 - __main__ - DEBUG - Skipping cached old video: v9LjM87jUiU
2025-08-25 10:12:30,760 - __main__ - DEBUG - Skipping cached old video: ZnjYQ-8t3gs
2025-08-25 10:12:30,766 - __main__ - DEBUG - Skipping cached old video: TzoucE3DdQs
2025-08-25 10:12:30,769 - __main__ - DEBUG - Skipping cached old video: v8D1LBYvfoU
2025-08-25 10:12:30,773 - __main__ - DEBUG - Skipping cached old video: YNSGBuKq0NM
2025-08-25 10:12:30,777 - __main__ - DEBUG - Skipping cached old video: -lCBoPdKDLY
2025-08-25 10:12:30,780 - __main__ - DEBUG - Skipping cached old video: CFbEDN-eS20
2025-08-25 10:12:30,780 - __main__ - INFO - Processing channel: Porsche Mobil 1 Supercup
2025-08-25 10:12:30,781 - googleapiclient.discovery - DEBUG - URL being requested: GET https://youtube.googleapis.com/youtube/v3/channels?part=contentDetails&id=UC5Z5lkCXe-llUPok-JymKnw&alt=json
2025-08-25 10:12:30,885 - googleapiclient.discovery - DEBUG - URL being requested: GET https://youtube.googleapis.com/youtube/v3/playlistItems?part=snippet&playlistId=UU5Z5lkCXe-llUPok-JymKnw&maxResults=10&alt=json
2025-08-25 10:12:31,027 - __main__ - DEBUG - Skipping cached old video: hqxw1LPrPWA
2025-08-25 10:12:31,034 - __main__ - DEBUG - Skipping cached old video: aqQH6jju-Ck
2025-08-25 10:12:31,038 - __main__ - DEBUG - Skipping cached old video: 7hFm3edPNyk
2025-08-25 10:12:31,046 - __main__ - DEBUG - Skipping cached old video: OssG14f_044
2025-08-25 10:12:31,052 - __main__ - DEBUG - Skipping cached old video: 7mToa91v-3I
2025-08-25 10:12:31,057 - __main__ - DEBUG - Skipping cached old video: QzdewifKR3I
2025-08-25 10:12:31,064 - __main__ - DEBUG - Skipping cached old video: uhHE6bXj40o
2025-08-25 10:12:31,068 - __main__ - DEBUG - Skipping cached old video: JabBMSNg2PQ
2025-08-25 10:12:31,072 - __main__ - DEBUG - Skipping cached old video: sr5KsbP5xpY
2025-08-25 10:12:31,075 - __main__ - DEBUG - Skipping cached old video: 78b9YBaH7vA
2025-08-25 10:12:31,075 - __main__ - INFO - Processing channel: F4 Brasil certificado pela FIA
2025-08-25 10:12:31,076 - googleapiclient.discovery - DEBUG - URL being requested: GET https://youtube.googleapis.com/youtube/v3/channels?part=contentDetails&id=UC7FwUzLykj2vJLL31x5ek4Q&alt=json
2025-08-25 10:12:31,108 - googleapiclient.discovery - DEBUG - URL being requested: GET https://youtube.googleapis.com/youtube/v3/playlistItems?part=snippet&playlistId=UU7FwUzLykj2vJLL31x5ek4Q&maxResults=10&alt=json
2025-08-25 10:12:31,274 - __main__ - DEBUG - Skipping cached old video: E1Lr12qCPfU
2025-08-25 10:12:31,278 - __main__ - DEBUG - Skipping cached old video: x1bDSeUxOlI
2025-08-25 10:12:31,284 - __main__ - DEBUG - Skipping cached old video: 1xwUaBMNnMs
2025-08-25 10:12:31,287 - __main__ - DEBUG - Skipping cached old video: sphRIfaPguk
2025-08-25 10:12:31,291 - __main__ - DEBUG - Skipping cached old video: 5wPPLX2Vehc
2025-08-25 10:12:31,295 - __main__ - DEBUG - Skipping cached old video: 2Al321nxsSo
2025-08-25 10:12:31,299 - __main__ - DEBUG - Skipping cached old video: FZtD6hqMen0
2025-08-25 10:12:31,311 - __main__ - DEBUG - Skipping cached old video: 955bwu6tzzI
2025-08-25 10:12:31,315 - __main__ - DEBUG - Skipping cached old video: 9Q3YlshnfnU
2025-08-25 10:12:31,319 - __main__ - DEBUG - Skipping cached old video: VpjL1IYyKhE
2025-08-25 10:12:31,319 - __main__ - INFO - Processing channel: F4 U.S. Championship
2025-08-25 10:12:31,320 - googleapiclient.discovery - DEBUG - URL being requested: GET https://youtube.googleapis.com/youtube/v3/channels?part=contentDetails&id=UC0T52SVSDiw8tF2HQM5AQ4A&alt=json
2025-08-25 10:12:31,349 - googleapiclient.discovery - DEBUG - URL being requested: GET https://youtube.googleapis.com/youtube/v3/playlistItems?part=snippet&playlistId=UU0T52SVSDiw8tF2HQM5AQ4A&maxResults=10&alt=json
2025-08-25 10:12:31,446 - __main__ - DEBUG - Skipping cached old video: BpgIEpI49vI
2025-08-25 10:12:31,450 - __main__ - DEBUG - Skipping cached old video: 2tml9BmeNyY
2025-08-25 10:12:31,454 - __main__ - DEBUG - Skipping cached old video: jTrbJvwCiKk
2025-08-25 10:12:31,457 - __main__ - DEBUG - Skipping cached old video: LrhTRrgqVn4
2025-08-25 10:12:31,465 - __main__ - DEBUG - Skipping cached old video: agWgbD2I8Ag
2025-08-25 10:12:31,468 - __main__ - DEBUG - Skipping cached old video: egWh85Z5R90
2025-08-25 10:12:31,471 - __main__ - DEBUG - Skipping cached old video: CvCC0fm-TfU
2025-08-25 10:12:31,475 - __main__ - DEBUG - Skipping cached old video: 4YDsFNfWxzw
2025-08-25 10:12:31,478 - __main__ - DEBUG - Skipping cached old video: NR0Jpj8Wma0
2025-08-25 10:12:31,483 - __main__ - DEBUG - Skipping cached old video: 1hu1cgkY1j8
2025-08-25 10:12:31,483 - __main__ - INFO - Processing channel: F4 Spanish Championship
2025-08-25 10:12:31,484 - googleapiclient.discovery - DEBUG - URL being requested: GET https://youtube.googleapis.com/youtube/v3/channels?part=contentDetails&id=UCae5Eq-xDuKnlSXe_cpjdzw&alt=json
2025-08-25 10:12:31,561 - googleapiclient.discovery - DEBUG - URL being requested: GET https://youtube.googleapis.com/youtube/v3/playlistItems?part=snippet&playlistId=UUae5Eq-xDuKnlSXe_cpjdzw&maxResults=10&alt=json
2025-08-25 10:12:31,785 - __main__ - DEBUG - Skipping cached old video: KWfDQAFUm1M
2025-08-25 10:12:31,790 - __main__ - DEBUG - Skipping cached old video: vDOhcCeouMs
2025-08-25 10:12:31,795 - __main__ - DEBUG - Skipping cached old video: 0BL8gNsa7Tc
2025-08-25 10:12:31,800 - __main__ - DEBUG - Skipping cached old video: KIkWEzcQuck
2025-08-25 10:12:31,815 - __main__ - DEBUG - Skipping cached old video: I8FdX37u6E0
2025-08-25 10:12:31,819 - __main__ - DEBUG - Skipping cached old video: VxAplwRHwm0
2025-08-25 10:12:31,826 - __main__ - DEBUG - Skipping cached old video: nsfCu2CEI0g
2025-08-25 10:12:31,830 - __main__ - DEBUG - Skipping cached old video: uVJT61Rh4Ms
2025-08-25 10:12:31,834 - __main__ - DEBUG - Skipping cached old video: PYl2BpUWKYA
2025-08-25 10:12:31,838 - __main__ - DEBUG - Skipping cached old video: F3t8EyqY64E
2025-08-25 10:12:31,838 - __main__ - INFO - Processing channel: Italian F4 Championship | E4 Championship
2025-08-25 10:12:31,839 - googleapiclient.discovery - DEBUG - URL being requested: GET https://youtube.googleapis.com/youtube/v3/channels?part=contentDetails&id=UCedPzacBuNSiy_klT7Zt6Wg&alt=json
2025-08-25 10:12:31,879 - googleapiclient.discovery - DEBUG - URL being requested: GET https://youtube.googleapis.com/youtube/v3/playlistItems?part=snippet&playlistId=UUedPzacBuNSiy_klT7Zt6Wg&maxResults=10&alt=json
2025-08-25 10:12:32,053 - __main__ - DEBUG - Skipping cached old video: Vzt70p1zWnk
2025-08-25 10:12:32,057 - __main__ - DEBUG - Skipping cached old video: 9IdDGK8wlds
2025-08-25 10:12:32,063 - __main__ - DEBUG - Skipping cached old video: sO47W9r4VAA
2025-08-25 10:12:32,068 - __main__ - DEBUG - Skipping cached old video: EeP_IZfYnjM
2025-08-25 10:12:32,071 - __main__ - DEBUG - Skipping cached old video: 3P40klN94aQ
2025-08-25 10:12:32,075 - __main__ - DEBUG - Skipping cached old video: pWEUfWeZ1Kg
2025-08-25 10:12:32,079 - __main__ - DEBUG - Skipping cached old video: XSAMcub0z1U
2025-08-25 10:12:32,084 - __main__ - DEBUG - Skipping cached old video: Mc_NexhKmGE
2025-08-25 10:12:32,088 - __main__ - DEBUG - Skipping cached old video: ihLfdjvPgp0
2025-08-25 10:12:32,092 - __main__ - DEBUG - Skipping cached old video: 53-ZD1d58gc
2025-08-25 10:12:32,092 - __main__ - INFO - Processing channel: World Rally-Raid Championship
2025-08-25 10:12:32,093 - googleapiclient.discovery - DEBUG - URL being requested: GET https://youtube.googleapis.com/youtube/v3/channels?part=contentDetails&id=UC0Sj3veUgMwNA-dCSYd9RKw&alt=json
2025-08-25 10:12:32,186 - googleapiclient.discovery - DEBUG - URL being requested: GET https://youtube.googleapis.com/youtube/v3/playlistItems?part=snippet&playlistId=UU0Sj3veUgMwNA-dCSYd9RKw&maxResults=10&alt=json
2025-08-25 10:12:32,331 - __main__ - DEBUG - Skipping cached old video: 3ko9B4DWFQU
2025-08-25 10:12:32,335 - __main__ - DEBUG - Skipping cached old video: Ug1wOyrQttY
2025-08-25 10:12:32,339 - __main__ - DEBUG - Skipping cached old video: n0Y_Eoc63Xs
2025-08-25 10:12:32,344 - __main__ - DEBUG - Skipping cached old video: GvU12MnkDr0
2025-08-25 10:12:32,348 - __main__ - DEBUG - Skipping cached old video: 7uuPgei5KUs
2025-08-25 10:12:32,352 - __main__ - DEBUG - Skipping cached old video: N3oleJJ2O3A
2025-08-25 10:12:32,355 - __main__ - DEBUG - Skipping cached old video: L9gvd07yTQM
2025-08-25 10:12:32,359 - __main__ - DEBUG - Skipping cached old video: -dJ8kqFa-x0
2025-08-25 10:12:32,364 - __main__ - DEBUG - Skipping cached old video: ZXKbGeiDYAA
2025-08-25 10:12:32,368 - __main__ - DEBUG - Skipping cached old video: PQRrhurnp88
2025-08-25 10:12:32,368 - __main__ - INFO - Processing channel: USF Pro Championships
2025-08-25 10:12:32,369 - googleapiclient.discovery - DEBUG - URL being requested: GET https://youtube.googleapis.com/youtube/v3/channels?part=contentDetails&id=UCmBaJqxGBm3_1K2MS7npc7g&alt=json
2025-08-25 10:12:32,400 - googleapiclient.discovery - DEBUG - URL being requested: GET https://youtube.googleapis.com/youtube/v3/playlistItems?part=snippet&playlistId=UUmBaJqxGBm3_1K2MS7npc7g&maxResults=10&alt=json
2025-08-25 10:12:32,447 - __main__ - DEBUG - Skipping cached old video: tZWl0r0dk7U
2025-08-25 10:12:32,450 - __main__ - DEBUG - Skipping cached old video: eT0e2whY_uY
2025-08-25 10:12:32,454 - __main__ - DEBUG - Skipping cached old video: _a8cWX49CMo
2025-08-25 10:12:32,457 - __main__ - DEBUG - Skipping cached old video: QxLZpSwgw5o
2025-08-25 10:12:32,463 - __main__ - DEBUG - Skipping cached old video: 2vTGTAxuY60
2025-08-25 10:12:32,466 - __main__ - DEBUG - Skipping cached old video: yzFa-8l0erc
2025-08-25 10:12:32,470 - __main__ - DEBUG - Skipping cached old video: GJTLeGF83DI
2025-08-25 10:12:32,473 - __main__ - DEBUG - Skipping cached old video: kldCqSRWciE
2025-08-25 10:12:32,476 - __main__ - DEBUG - Skipping cached old video: JTi0x8Y8NSw
2025-08-25 10:12:32,479 - __main__ - DEBUG - Skipping cached old video: QBD50ItRxN0
2025-08-25 10:12:32,479 - __main__ - INFO - Processing channel: SUPER FORMULA LIGHTS
2025-08-25 10:12:32,480 - googleapiclient.discovery - DEBUG - URL being requested: GET https://youtube.googleapis.com/youtube/v3/channels?part=contentDetails&id=UCMoJc2knK1Bll7_E-1MYpqQ&alt=json
2025-08-25 10:12:32,508 - googleapiclient.discovery - DEBUG - URL being requested: GET https://youtube.googleapis.com/youtube/v3/playlistItems?part=snippet&playlistId=UUMoJc2knK1Bll7_E-1MYpqQ&maxResults=10&alt=json
2025-08-25 10:12:32,646 - __main__ - DEBUG - Skipping cached old video: EutLCu7oVtE
2025-08-25 10:12:32,650 - __main__ - DEBUG - Skipping cached old video: I845mNxOojk
2025-08-25 10:12:32,654 - __main__ - DEBUG - Skipping cached old video: nbBNIgVpahA
2025-08-25 10:12:32,658 - __main__ - DEBUG - Skipping cached old video: pswuTCIY_bs
2025-08-25 10:12:32,664 - __main__ - DEBUG - Skipping cached old video: _I6NsJ6XbtM
2025-08-25 10:12:32,668 - __main__ - DEBUG - Skipping cached old video: jaVWpiF7k24
2025-08-25 10:12:32,671 - __main__ - DEBUG - Skipping cached old video: c93JTq7bxiA
2025-08-25 10:12:32,675 - __main__ - DEBUG - Skipping cached old video: TlW-nFdgvGw
2025-08-25 10:12:32,679 - __main__ - DEBUG - Skipping cached old video: itQXBEH-gL8
2025-08-25 10:12:32,685 - __main__ - DEBUG - Skipping cached old video: z9GwYGER0_Y
2025-08-25 10:12:32,686 - __main__ - INFO - Processing channel: Formula Regional European Championship by Alpine
2025-08-25 10:12:32,686 - googleapiclient.discovery - DEBUG - URL being requested: GET https://youtube.googleapis.com/youtube/v3/channels?part=contentDetails&id=UCrCEln9HtJvw5TDIDli1Rwg&alt=json
2025-08-25 10:12:32,725 - googleapiclient.discovery - DEBUG - URL being requested: GET https://youtube.googleapis.com/youtube/v3/playlistItems?part=snippet&playlistId=UUrCEln9HtJvw5TDIDli1Rwg&maxResults=10&alt=json
2025-08-25 10:12:32,835 - __main__ - DEBUG - Skipping cached old video: vhnFhLfPyWE
2025-08-25 10:12:32,840 - __main__ - DEBUG - Skipping cached old video: LJ2DFwBnBCQ
2025-08-25 10:12:32,845 - __main__ - DEBUG - Skipping cached old video: ycHYpyd-G9M
2025-08-25 10:12:32,849 - __main__ - DEBUG - Skipping cached old video: PBegdNfqoko
2025-08-25 10:12:32,853 - __main__ - DEBUG - Skipping cached old video: iXjBySbySpI
2025-08-25 10:12:32,856 - __main__ - DEBUG - Skipping cached old video: 6N6reE0cOQI
2025-08-25 10:12:32,860 - __main__ - DEBUG - Skipping cached old video: FEPOHqKVBK4
2025-08-25 10:12:32,865 - __main__ - DEBUG - Skipping cached old video: FBUiBn9mj8c
2025-08-25 10:12:32,870 - __main__ - DEBUG - Skipping cached old video: dETSZFOm5wo
2025-08-25 10:12:32,875 - __main__ - DEBUG - Skipping cached old video: OJVUTpQXjNc
2025-08-25 10:12:32,876 - __main__ - INFO - Processing channel: TCR TV
2025-08-25 10:12:32,877 - googleapiclient.discovery - DEBUG - URL being requested: GET https://youtube.googleapis.com/youtube/v3/channels?part=contentDetails&id=UCoSlmLSprEnTz7HjmMb7HBw&alt=json
2025-08-25 10:12:32,930 - googleapiclient.discovery - DEBUG - URL being requested: GET https://youtube.googleapis.com/youtube/v3/playlistItems?part=snippet&playlistId=UUoSlmLSprEnTz7HjmMb7HBw&maxResults=10&alt=json
2025-08-25 10:12:32,989 - __main__ - DEBUG - Skipping cached old video: m145TrnDFno
2025-08-25 10:12:32,993 - __main__ - DEBUG - Skipping cached old video: 0seNsqmd5fs
2025-08-25 10:12:32,999 - __main__ - DEBUG - Skipping cached old video: MMgC3guvgnA
2025-08-25 10:12:33,012 - __main__ - DEBUG - Skipping cached old video: Z6xCr2QJuxs
2025-08-25 10:12:33,015 - __main__ - DEBUG - Skipping cached old video: p9CUGHX3Rgo
2025-08-25 10:12:33,019 - __main__ - DEBUG - Skipping cached old video: ycm7OtjVIAA
2025-08-25 10:12:33,025 - __main__ - DEBUG - Skipping cached old video: AvA8m3bzhrw
2025-08-25 10:12:33,029 - __main__ - DEBUG - Skipping cached old video: N46STQvNwMY
2025-08-25 10:12:33,033 - __main__ - DEBUG - Skipping cached old video: 8zQZaQ_5MYA
2025-08-25 10:12:33,038 - __main__ - DEBUG - Skipping cached old video: ZrUyrky_Ze8
2025-08-25 10:12:33,039 - __main__ - INFO - Processing channel: Dakar
2025-08-25 10:12:33,040 - googleapiclient.discovery - DEBUG - URL being requested: GET https://youtube.googleapis.com/youtube/v3/channels?part=contentDetails&id=UCJVKwvv58Xo3Rt4rF3NiL9w&alt=json
2025-08-25 10:12:33,070 - googleapiclient.discovery - DEBUG - URL being requested: GET https://youtube.googleapis.com/youtube/v3/playlistItems?part=snippet&playlistId=UUJVKwvv58Xo3Rt4rF3NiL9w&maxResults=10&alt=json
2025-08-25 10:12:34,088 - __main__ - DEBUG - Skipping cached old video: f2FIw23bCKg
2025-08-25 10:12:34,093 - __main__ - DEBUG - Skipping cached old video: YnrNjGzxneQ
2025-08-25 10:12:34,097 - __main__ - DEBUG - Skipping cached old video: XBlznbiEcPI
2025-08-25 10:12:34,112 - __main__ - DEBUG - Skipping cached old video: _iYpZU28vnk
2025-08-25 10:12:34,117 - __main__ - DEBUG - Skipping cached old video: NbtQeSafQAw
2025-08-25 10:12:34,123 - __main__ - DEBUG - Skipping cached old video: r9mWfXgdR4Y
2025-08-25 10:12:34,127 - __main__ - DEBUG - Skipping cached old video: GOev64hUimY
2025-08-25 10:12:34,130 - __main__ - DEBUG - Skipping cached old video: 9F0tNOESc2Y
2025-08-25 10:12:34,133 - __main__ - DEBUG - Skipping cached old video: 8VwVCpqS8S4
2025-08-25 10:12:34,137 - __main__ - DEBUG - Skipping cached old video: H-c8JfEDt4s
2025-08-25 10:12:34,137 - __main__ - INFO - Processing channel: Winter Series
2025-08-25 10:12:34,138 - googleapiclient.discovery - DEBUG - URL being requested: GET https://youtube.googleapis.com/youtube/v3/channels?part=contentDetails&id=UCz8Zse4Gz7q8y1GCIl_nq8w&alt=json
2025-08-25 10:12:34,167 - googleapiclient.discovery - DEBUG - URL being requested: GET https://youtube.googleapis.com/youtube/v3/playlistItems?part=snippet&playlistId=UUz8Zse4Gz7q8y1GCIl_nq8w&maxResults=10&alt=json
2025-08-25 10:12:34,363 - __main__ - DEBUG - Skipping cached old video: 0mocN9x5DWA
2025-08-25 10:12:34,367 - __main__ - DEBUG - Skipping cached old video: e-PQg9Qn918
2025-08-25 10:12:34,370 - __main__ - DEBUG - Skipping cached old video: o_ijgOGK5nY
2025-08-25 10:12:34,374 - __main__ - DEBUG - Skipping cached old video: 6-XkGJM5BwU
2025-08-25 10:12:34,378 - __main__ - DEBUG - Skipping cached old video: dBVLJIK50DU
2025-08-25 10:12:34,384 - __main__ - DEBUG - Skipping cached old video: XbOCbTrGTes
2025-08-25 10:12:34,388 - __main__ - DEBUG - Skipping cached old video: 2NgdTwm6Nek
2025-08-25 10:12:34,392 - __main__ - DEBUG - Skipping cached old video: WeAxUGWKVyM
2025-08-25 10:12:34,396 - __main__ - DEBUG - Skipping cached old video: lb9_0XTyPXQ
2025-08-25 10:12:34,399 - __main__ - DEBUG - Skipping cached old video: X5-K7LzWnkQ
2025-08-25 10:12:34,399 - __main__ - INFO - Processing channel: Asian Le Mans Series
2025-08-25 10:12:34,400 - googleapiclient.discovery - DEBUG - URL being requested: GET https://youtube.googleapis.com/youtube/v3/channels?part=contentDetails&id=UCYnmhsw6smiACWopUlPAfOg&alt=json
2025-08-25 10:12:34,433 - googleapiclient.discovery - DEBUG - URL being requested: GET https://youtube.googleapis.com/youtube/v3/playlistItems?part=snippet&playlistId=UUYnmhsw6smiACWopUlPAfOg&maxResults=10&alt=json
2025-08-25 10:12:34,622 - __main__ - DEBUG - Skipping cached old video: Wl6YNJ7-e1U
2025-08-25 10:12:34,627 - __main__ - DEBUG - Skipping cached old video: Cn-KNcTpf88
2025-08-25 10:12:34,630 - __main__ - DEBUG - Skipping cached old video: 8mIkiGJCses
2025-08-25 10:12:34,634 - __main__ - DEBUG - Skipping cached old video: MAFjBftklyQ
2025-08-25 10:12:34,638 - __main__ - DEBUG - Skipping cached old video: m5H8MByWYEs
2025-08-25 10:12:34,643 - __main__ - DEBUG - Skipping cached old video: RTn7UqSrgGk
2025-08-25 10:12:34,647 - __main__ - DEBUG - Skipping cached old video: m6uqTkXXii4
2025-08-25 10:12:34,651 - __main__ - DEBUG - Skipping cached old video: SqWY9UTxKqY
2025-08-25 10:12:34,655 - __main__ - DEBUG - Skipping cached old video: 3tDKkr4ZOBU
2025-08-25 10:12:34,658 - __main__ - DEBUG - Skipping cached old video: re0lH-K7ZYQ
2025-08-25 10:12:34,658 - __main__ - INFO - Processing channel: Goodwood Road & Racing
2025-08-25 10:12:34,659 - googleapiclient.discovery - DEBUG - URL being requested: GET https://youtube.googleapis.com/youtube/v3/channels?part=contentDetails&id=UC8rador8CU-pTJ6p7WNiv6w&alt=json
2025-08-25 10:12:34,701 - googleapiclient.discovery - DEBUG - URL being requested: GET https://youtube.googleapis.com/youtube/v3/playlistItems?part=snippet&playlistId=UU8rador8CU-pTJ6p7WNiv6w&maxResults=10&alt=json
2025-08-25 10:12:34,766 - __main__ - DEBUG - Skipping cached old video: E3tYgdrmScU
2025-08-25 10:12:34,775 - __main__ - DEBUG - Skipping cached old video: KIEVy0M7I2E
2025-08-25 10:12:34,779 - __main__ - DEBUG - Skipping cached old video: irJQnmVF-Po
2025-08-25 10:12:34,786 - __main__ - DEBUG - Skipping cached old video: oF_t5opGN6k
2025-08-25 10:12:34,790 - __main__ - DEBUG - Skipping cached old video: JAzxbU7q9-w
2025-08-25 10:12:34,795 - __main__ - DEBUG - Skipping cached old video: X7mey4Dl-GQ
2025-08-25 10:12:34,799 - __main__ - DEBUG - Skipping cached old video: 4NtxHiLPrJI
2025-08-25 10:12:34,812 - __main__ - DEBUG - Skipping cached old video: EZr1RWbbh-E
2025-08-25 10:12:34,815 - __main__ - DEBUG - Skipping cached old video: m0_X0iNw3eM
2025-08-25 10:12:34,817 - googleapiclient.discovery - DEBUG - URL being requested: GET https://youtube.googleapis.com/youtube/v3/videos?part=snippet%2Cstatistics%2CcontentDetails%2CliveStreamingDetails&id=gd_wMcXJiGw&alt=json
2025-08-25 10:12:34,857 - __main__ - DEBUG - Skipping upcoming stream scheduled too far in the future: 2025 Goodwood Revival full Live Stream
2025-08-25 10:12:34,857 - __main__ - DEBUG -   Stream starts at: 2025-09-12 07:30:00, max future time: 2025-08-25 11:12:34.857343
2025-08-25 10:12:34,857 - __main__ - INFO - Processing channel: FIA World Rally Championship
2025-08-25 10:12:34,858 - googleapiclient.discovery - DEBUG - URL being requested: GET https://youtube.googleapis.com/youtube/v3/channels?part=contentDetails&id=UC5G6kTnHXDz0WIBC2VGBOqg&alt=json
2025-08-25 10:12:34,950 - googleapiclient.discovery - DEBUG - URL being requested: GET https://youtube.googleapis.com/youtube/v3/playlistItems?part=snippet&playlistId=UU5G6kTnHXDz0WIBC2VGBOqg&maxResults=10&alt=json
2025-08-25 10:12:35,057 - __main__ - DEBUG - Skipping cached old video: NzxK62xrB5c
2025-08-25 10:12:35,063 - __main__ - DEBUG - Skipping cached old video: VDgv7909H10
2025-08-25 10:12:35,068 - __main__ - DEBUG - Skipping cached old video: _p--ULGl12g
2025-08-25 10:12:35,073 - __main__ - DEBUG - Skipping cached old video: RVGGkM3OOOY
2025-08-25 10:12:35,076 - __main__ - DEBUG - Skipping cached old video: 5nhBazqTpjA
2025-08-25 10:12:35,084 - __main__ - DEBUG - Skipping cached old video: boRW4KGo7v8
2025-08-25 10:12:35,088 - __main__ - DEBUG - Skipping cached old video: ZbYibbUeQgQ
2025-08-25 10:12:35,091 - __main__ - DEBUG - Skipping cached old video: wAYyhtkjzTA
2025-08-25 10:12:35,093 - googleapiclient.discovery - DEBUG - URL being requested: GET https://youtube.googleapis.com/youtube/v3/videos?part=snippet%2Cstatistics%2CcontentDetails%2CliveStreamingDetails&id=tkHuKRt9vxA%2CnM49hT8qsc0&alt=json
2025-08-25 10:12:35,129 - __main__ - INFO - Duplicate detected (similar title within 2 hours): 🔴 Shakedown LIVE | WRC ueno Rally del Paraguay 2025
2025-08-25 10:12:35,130 - __main__ - DEBUG - Skipping duplicate: 🔴 Shakedown LIVE | WRC ueno Rally del Paraguay 2025
2025-08-25 10:12:35,134 - __main__ - INFO - Duplicate detected (similar title within 2 hours): 🔴 シェイクダウン ライブ！WRC ueno Rally del Paraguay 2025
2025-08-25 10:12:35,135 - __main__ - DEBUG - Skipping duplicate: 🔴 シェイクダウン ライブ！WRC ueno Rally del Paraguay 2025
2025-08-25 10:12:35,135 - __main__ - INFO - Processing channel: Supercars
2025-08-25 10:12:35,136 - googleapiclient.discovery - DEBUG - URL being requested: GET https://youtube.googleapis.com/youtube/v3/channels?part=contentDetails&id=UCcCBrelNGfpchXKLFt8gtKg&alt=json
2025-08-25 10:12:35,181 - googleapiclient.discovery - DEBUG - URL being requested: GET https://youtube.googleapis.com/youtube/v3/playlistItems?part=snippet&playlistId=UUcCBrelNGfpchXKLFt8gtKg&maxResults=10&alt=json
2025-08-25 10:12:35,912 - __main__ - DEBUG - Skipping cached old video: OEKKKLVYtoM
2025-08-25 10:12:35,916 - __main__ - DEBUG - Skipping cached old video: 9Z3DmnSVOgs
2025-08-25 10:12:35,920 - __main__ - DEBUG - Skipping cached old video: 6mGEqBtYhyU
2025-08-25 10:12:35,926 - __main__ - DEBUG - Skipping cached old video: y5wtmxK7OIU
2025-08-25 10:12:35,929 - __main__ - DEBUG - Skipping cached old video: gv1QqYZ-kjQ
2025-08-25 10:12:35,933 - __main__ - DEBUG - Skipping cached old video: f85kqnpGmqQ
2025-08-25 10:12:35,937 - __main__ - DEBUG - Skipping cached old video: q8rxyyqLAag
2025-08-25 10:12:35,943 - __main__ - DEBUG - Skipping cached old video: UEj5qnNI-rQ
2025-08-25 10:12:35,947 - __main__ - DEBUG - Skipping cached old video: 3d0CWDTovWg
2025-08-25 10:12:35,952 - __main__ - DEBUG - Skipping cached old video: n6_jcnhfwR0
2025-08-25 10:12:35,952 - __main__ - INFO - Using only Quality for sorting
2025-08-25 10:12:35,952 - __main__ - INFO - Found 1 candidate videos
2025-08-25 10:12:35,953 - __main__ - INFO - Maximum posts per run: 5
2025-08-25 10:12:35,967 - urllib3.connectionpool - DEBUG - Starting new HTTPS connection (1): walledgarden.xyz:443
2025-08-25 10:12:36,417 - urllib3.connectionpool - DEBUG - https://walledgarden.xyz:443 "POST /api/v3/user/login HTTP/1.1" 200 None
2025-08-25 10:12:36,418 - __main__ - INFO - Lemmy API authenticated successfully
2025-08-25 10:12:36,445 - urllib3.connectionpool - DEBUG - https://walledgarden.xyz:443 "GET /api/v3/community?name=autoracing%40crazypeople.online HTTP/1.1" 200 None
2025-08-25 10:12:36,446 - __main__ - INFO - Syncing existing posts from Lemmy community (ID: 261818)
2025-08-25 10:12:36,560 - urllib3.connectionpool - DEBUG - https://walledgarden.xyz:443 "GET /api/v3/post/list?community_id=261818&limit=50&sort=New HTTP/1.1" 200 None
2025-08-25 10:12:36,575 - __main__ - INFO - Lemmy posts sync completed
2025-08-25 10:12:36,620 - urllib3.connectionpool - DEBUG - https://walledgarden.xyz:443 "GET /api/v3/community?name=autoracing%40crazypeople.online HTTP/1.1" 200 None
2025-08-25 10:12:38,241 - urllib3.connectionpool - DEBUG - https://walledgarden.xyz:443 "POST /api/v3/post HTTP/1.1" 200 None
2025-08-25 10:12:38,263 - __main__ - INFO - Successfully posted: [SF] 喜びも悔しさも爆発!選手とチームのゴール後の会話を調べてみた結果...｜SUPER FORMULA Rd.8 SUGO
2025-08-25 10:12:38,264 - __main__ - INFO - Waiting 90 seconds before next post...
2025-08-25 10:14:08,265 - __main__ - INFO - Posting cycle complete: 1 posts made, 0 errors
2025-08-25 10:14:08,278 - __main__ - INFO - Cycle complete. Sleeping for 900 seconds...
